<?xml version="1.0" encoding="UTF-8"?>
<!-- Generated by org.testng.reporters.JUnitReportReporter -->
<testsuite skipped="0" hostname="Anu-HP" name="tests.TestCases" tests="2" failures="0" timestamp="2020-01-02T04:08:35 IST" time="46.550" errors="0">
  <testcase name="testOneCorrectPayment" time="30.779" classname="tests.TestCases"/>
  <testcase name="testTwoWrongPayment" time="15.771" classname="tests.TestCases"/>
</testsuite> <!-- tests.TestCases -->
