<?xml version="1.0" encoding="UTF-8"?>
<!-- Generated by org.testng.reporters.JUnitReportReporter -->
<testsuite skipped="0" hostname="Anu-HP" name="tests.BaseClass" tests="1" failures="0" timestamp="2019-12-23T08:34:29 IST" time="0.006" errors="0">
  <testcase name="Test" time="0.006" classname="tests.BaseClass"/>
</testsuite> <!-- tests.BaseClass -->
